<?xml version="1.0" encoding="UTF-8"?>
<!-- Generated by org.testng.reporters.JUnitReportReporter -->
<testsuite skipped="0" hostname="HIBAML70132" name="testDefinition.TestDemo" tests="1" failures="0" timestamp="2020-07-08T15:43:46 IST" time="13.987" errors="0">
  <testcase name="TestCase_one_verifyTestInAllBrowser" time="13.987" classname="testDefinition.TestDemo"/>
  <system-out/>
</testsuite> <!-- testDefinition.TestDemo -->
